<?xml version="1.0" encoding="UTF-8"?>
<testsuites>
	<testsuite tests="1" errors="0" failures="0" time="0.061" timestamp="2014-10-24T14:04:34">
		<testcase classname="someModule" name="someModule #someFunction does something " time="0.024">
		</testcase>
	</testsuite>
</testsuites>

